<?xml version="1.0" encoding="utf-8"?><testsuites name="pytest tests"><testsuite name="pytest" errors="0" failures="0" skipped="0" tests="9" time="1.726" timestamp="2026-03-08T05:38:52.157405+00:00" hostname="agent-env-9f01b93c-6d3e-40a2-96af-731b687a7244"><testcase classname="backend.tests.test_phase21_full" name="test_health_check" time="0.185" /><testcase classname="backend.tests.test_phase21_full" name="test_send_otp" time="0.146" /><testcase classname="backend.tests.test_phase21_full" name="test_verify_otp" time="0.157" /><testcase classname="backend.tests.test_phase21_full" name="test_get_profile" time="0.347" /><testcase classname="backend.tests.test_phase21_full" name="test_get_cases" time="0.110" /><testcase classname="backend.tests.test_phase21_full" name="test_create_and_delete_case" time="0.225" /><testcase classname="backend.tests.test_phase21_full" name="test_get_clients" time="0.104" /><testcase classname="backend.tests.test_phase21_full" name="test_create_and_delete_client" time="0.220" /><testcase classname="backend.tests.test_phase21_full" name="test_get_hearings" time="0.141" /></testsuite></testsuites>