<?xml version="1.0" encoding="utf-8"?><testsuites name="pytest tests"><testsuite name="pytest" errors="0" failures="0" skipped="0" tests="5" time="0.887" timestamp="2026-03-06T18:56:20.415079+00:00" hostname="agent-env-6d3f6432-7772-4390-b704-1a5d3749483f"><testcase classname="tests.test_phase19_video_intro.TestPhase19VideoIntro" name="test_health_check" time="0.204" /><testcase classname="tests.test_phase19_video_intro.TestPhase19VideoIntro" name="test_static_video_exists" time="0.138" /><testcase classname="tests.test_phase19_video_intro.TestPhase19VideoIntro" name="test_static_video_content_type" time="0.126" /><testcase classname="tests.test_phase19_video_intro.TestPhase19VideoIntro" name="test_static_video_file_size" time="0.162" /><testcase classname="tests.test_phase19_video_intro.TestPhase19VideoIntro" name="test_static_video_get_request" time="0.182" /></testsuite></testsuites>