<?xml version="1.0" encoding="utf-8"?><testsuites name="pytest tests"><testsuite name="pytest" errors="0" failures="0" skipped="0" tests="5" time="1.267" timestamp="2026-03-08T04:53:02.209580+00:00" hostname="agent-env-6d3f6432-7772-4390-b704-1a5d3749483f"><testcase classname="tests.test_phase20_playstore_fixes.TestPhase20BackendAPIs" name="test_health_check" time="0.150" /><testcase classname="tests.test_phase20_playstore_fixes.TestPhase20BackendAPIs" name="test_firm_creation_requires_auth" time="0.115" /><testcase classname="tests.test_phase20_playstore_fixes.TestPhase20BackendAPIs" name="test_firm_creation_with_auth" time="0.427" /><testcase classname="tests.test_phase20_playstore_fixes.TestPhase20BackendAPIs" name="test_case_deletion_flow" time="0.300" /><testcase classname="tests.test_phase20_playstore_fixes.TestPhase20BackendAPIs" name="test_profile_update_for_signup" time="0.219" /></testsuite></testsuites>