<?xml version="1.0" encoding="utf-8"?><testsuites name="pytest tests"><testsuite name="pytest" errors="0" failures="0" skipped="5" tests="8" time="0.705" timestamp="2026-03-08T08:18:37.840968+00:00" hostname="agent-env-9f01b93c-6d3e-40a2-96af-731b687a7244"><testcase classname="backend.tests.test_phase23_drive.TestHealth" name="test_health" time="0.253" /><testcase classname="backend.tests.test_phase23_drive.TestCaseFilesAuth" name="test_get_case_files_no_auth_returns_401" time="0.139" /><testcase classname="backend.tests.test_phase23_drive.TestCaseFilesAuth" name="test_post_case_file_no_auth_returns_401" time="0.147" /><testcase classname="backend.tests.test_phase23_drive.TestCaseFilesCRUD" name="test_create_case_file" time="0.100"><skipped type="pytest.skip" message="Could not get auth token">/app/backend/tests/test_phase23_drive.py:57: Could not get auth token</skipped></testcase><testcase classname="backend.tests.test_phase23_drive.TestCaseFilesCRUD" name="test_list_case_files" time="0.000"><skipped type="pytest.skip" message="Could not get auth token">/app/backend/tests/test_phase23_drive.py:75: Could not get auth token</skipped></testcase><testcase classname="backend.tests.test_phase23_drive.TestCaseFilesCRUD" name="test_mark_file_synced" time="0.000"><skipped type="pytest.skip" message="Could not get auth token">/app/backend/tests/test_phase23_drive.py:82: Could not get auth token</skipped></testcase><testcase classname="backend.tests.test_phase23_drive.TestCaseFilesCRUD" name="test_delete_case_file" time="0.000"><skipped type="pytest.skip" message="Could not get auth token">/app/backend/tests/test_phase23_drive.py:93: Could not get auth token</skipped></testcase><testcase classname="backend.tests.test_phase23_drive.TestCaseFilesCRUD" name="test_get_deleted_file_returns_empty" time="0.000"><skipped type="pytest.skip" message="Could not get auth token">/app/backend/tests/test_phase23_drive.py:101: Could not get auth token</skipped></testcase></testsuite></testsuites>